<?xml version="1.0" encoding="utf-8"?>
<UpgradeLog>
    <Settings>
        <Setting
            Name = "LogFile"
            Value = "frmComputerName.log"
        />
        <Setting
            Name = "GenerateInterfacesForClasses"
            Value = "FALSE"
        />
        <Setting
            Name = "ProjectName"
            Value = "frmComputerName"
        />
        <Setting
            Name = "OutputName"
            Value = "frmComputerName.vbproj"
        />
        <Setting
            Name = "OutputDir"
            Value = "C:\temp\GetHDDSerial.NET"
        />
        <Setting
            Name = "ProjectPath"
            Value = "C:\temp\frmComputerName.vbp"
        />
        <Setting
            Name = "MigrateProjectTo"
            Value = "0"
        />
    </Settings>
    <File
        OldPath = "C:\temp\frmComputerName.frm"
        NewPath = "C:\temp\GetHDDSerial.NET\frmComputerName.vb"
        FileType = "Form"
        Upgraded = "True"
    >
        <Section Name = "DeviceIoControl" >
            <Issue
                Type = "Compile"
                Number = "1016"
            >Declaring a parameter 'As Any' is not supported.</Issue>
        </Section>
        <Section Name = "(Declarations)" >
            <Issue
                Type = "ToDo"
                Number = "1026"
            >&amp;quot;Initialize&amp;quot; must be called to initialize instances of this structure.</Issue>
        </Section>
        <Section Name = "GetSerial" >
            <Issue
                Type = "Runtime"
                Number = "1063"
            >Arrays in structure b may need to be initialized before they can be used.</Issue>
            <Issue
                Type = "Runtime"
                Number = "1063"
            >Arrays in structure b1 may need to be initialized before they can be used.</Issue>
            <Issue
                Type = "Runtime"
                Number = "1037"
            >Couldn't resolve default property of object b.</Issue>
            <Issue
                Type = "Runtime"
                Number = "1037"
            >Couldn't resolve default property of object b1.</Issue>
        </Section>
    </File>
    <File
        OldPath = "C:\temp\modComputerName.bas"
        NewPath = "C:\temp\GetHDDSerial.NET\modComputerName.vb"
        FileType = "Module"
        Upgraded = "True"
    >
        <Section Name = "GetVersionEx" >
            <Issue
                Type = "Runtime"
                Number = "1050"
            >Structure OSVERSIONINFO may require marshalling attributes to be passed as an argument in this Declare statement.</Issue>
        </Section>
        <Section Name = "DeviceIoControl" >
            <Issue
                Type = "Compile"
                Number = "1016"
            >Declaring a parameter 'As Any' is not supported.</Issue>
        </Section>
        <Section Name = "CopyMemory" >
            <Issue
                Type = "Compile"
                Number = "1016"
            >Declaring a parameter 'As Any' is not supported.</Issue>
        </Section>
        <Section Name = "(Declarations)" >
            <Issue
                Type = "ToDo"
                Number = "1026"
            >&amp;quot;Initialize&amp;quot; must be called to initialize instances of this structure.</Issue>
            <Issue
                Type = "Runtime"
                Number = "1063"
            >Arrays in structure DRIVERSTATUS may need to be initialized before they can be used.</Issue>
        </Section>
        <Section Name = "ZeroMemory" >
            <Issue
                Type = "Compile"
                Number = "1016"
            >Declaring a parameter 'As Any' is not supported.</Issue>
        </Section>
        <Section Name = "getHardDriveFirmware" >
            <Issue
                Type = "Runtime"
                Number = "1050"
            >Structure MyUDT2 may require marshalling attributes to be passed as an argument in this Declare statement.</Issue>
        </Section>
        <Section Name = "GetHDSerialFirmware" >
            <Issue
                Type = "Runtime"
                Number = "1037"
            >Couldn't resolve default property of object di.</Issue>
            <Issue
                Type = "Runtime"
                Number = "1037"
            >Couldn't resolve default property of object GetHDSerialFirmwareVB6().</Issue>
        </Section>
        <Section Name = "StripControlChars" >
            <Issue
                Type = "ToDo"
                Number = "1059"
            >Code was upgraded to use System.Text.UnicodeEncoding.Unicode.GetBytes() which may not have the same behavior.</Issue>
        </Section>
        <Section Name = "GetHDSerialFirmwareVB6" >
            <Issue
                Type = "Runtime"
                Number = "1037"
            >Couldn't resolve default property of object GetHDSerialFirmwareVB6.</Issue>
            <Issue
                Type = "Runtime"
                Number = "1063"
            >Arrays in structure bin may need to be initialized before they can be used.</Issue>
            <Issue
                Type = "Runtime"
                Number = "1063"
            >Arrays in structure bout may need to be initialized before they can be used.</Issue>
            <Issue
                Type = "Runtime"
                Number = "1037"
            >Couldn't resolve default property of object bin.</Issue>
            <Issue
                Type = "Runtime"
                Number = "1037"
            >Couldn't resolve default property of object bout.</Issue>
        </Section>
        <Section Name = "CheckSMARTEnable" >
            <Issue
                Type = "Runtime"
                Number = "1063"
            >Arrays in structure SCIP may need to be initialized before they can be used.</Issue>
            <Issue
                Type = "Runtime"
                Number = "1063"
            >Arrays in structure SCOP may need to be initialized before they can be used.</Issue>
            <Issue
                Type = "Runtime"
                Number = "1037"
            >Couldn't resolve default property of object SCIP.</Issue>
            <Issue
                Type = "Runtime"
                Number = "1037"
            >Couldn't resolve default property of object SCOP.</Issue>
        </Section>
        <Section Name = "IdentifyDrive" >
            <Issue
                Type = "Runtime"
                Number = "1063"
            >Arrays in structure SCIP may need to be initialized before they can be used.</Issue>
            <Issue
                Type = "Runtime"
                Number = "1063"
            >Arrays in structure IDSEC may need to be initialized before they can be used.</Issue>
            <Issue
                Type = "Runtime"
                Number = "1037"
            >Couldn't resolve default property of object IDSEC.</Issue>
            <Issue
                Type = "Compile"
                Number = "2070"
                ObjectName = "VbStrConv"
                ObjectType = "VbStrConv"
                PME = "vbUnicode"
            >Constant vbUnicode was not upgraded.</Issue>
            <Issue
                Type = "Runtime"
                Number = "1037"
            >Couldn't resolve default property of object SCIP.</Issue>
        </Section>
        <Section Name = "ReadAttributesCmd" >
            <Issue
                Type = "Runtime"
                Number = "1063"
            >Arrays in structure SCIP may need to be initialized before they can be used.</Issue>
            <Issue
                Type = "Runtime"
                Number = "1037"
            >Couldn't resolve default property of object READ_ATTRIBUTE_BUFFER_SIZE.</Issue>
            <Issue
                Type = "Runtime"
                Number = "1037"
            >Couldn't resolve default property of object SCIP.</Issue>
            <Issue
                Type = "Runtime"
                Number = "1037"
            >Couldn't resolve default property of object colAttrNames().</Issue>
        </Section>
        <Section Name = "ReadThresholdsCmd" >
            <Issue
                Type = "Runtime"
                Number = "1063"
            >Arrays in structure SCIP may need to be initialized before they can be used.</Issue>
            <Issue
                Type = "Runtime"
                Number = "1063"
            >Arrays in structure IDSEC may need to be initialized before they can be used.</Issue>
            <Issue
                Type = "Runtime"
                Number = "1037"
            >Couldn't resolve default property of object SCIP.</Issue>
            <Issue
                Type = "Runtime"
                Number = "1037"
            >Couldn't resolve default property of object thr_attr.</Issue>
        </Section>
        <Section Name = "GetSmartVersion" >
            <Issue
                Type = "Runtime"
                Number = "1037"
            >Couldn't resolve default property of object VersionParams.</Issue>
        </Section>
        <Section Name = "GetDriveInfo" >
            <Issue
                Type = "Runtime"
                Number = "1063"
            >Arrays in structure VerParam may need to be initialized before they can be used.</Issue>
            <Issue
                Type = "Runtime"
                Number = "1037"
            >Couldn't resolve default property of object GetDriveInfo.</Issue>
        </Section>
    </File>
</UpgradeLog>

